<?xml version="1.0" encoding="UTF-8"?>
<!-- Generated by org.testng.reporters.JUnitReportReporter -->
<testsuite hostname="DESKTOP-U2802FU" failures="0" tests="1" name="computers.TC_JW_20_Test" time="18.073" errors="0" timestamp="2022-03-11T10:29:40 IST" skipped="0">
  <testcase classname="computers.TC_JW_20_Test" name="sample" time="18.073"/>
  <system-out>
sellar page is displayed Thank you for signing up! A verification email has been sent. We appreciate your interest.  </system-out>
</testsuite> <!-- computers.TC_JW_20_Test -->
