<?xml version="1.0" encoding="UTF-8"?>
<!-- Generated by org.testng.reporters.JUnitReportReporter -->
<testsuite hostname="DESKTOP-U2802FU" failures="0" tests="1" name="computers.TC_JW_19_Test" time="25.367" errors="0" timestamp="2022-03-02T15:51:50 IST" skipped="0">
  <testcase classname="computers.TC_JW_19_Test" name="sample" time="25.367"/>
  <system-out>
shopping cart page is displayed Jewelary is added to cart Successfully your shopping cart is empty  </system-out>
</testsuite> <!-- computers.TC_JW_19_Test -->
