<?xml version="1.0" encoding="UTF-8"?>
<!-- Generated by org.testng.reporters.JUnitReportReporter -->
<testsuite hostname="DESKTOP-U2802FU" failures="0" tests="1" name="computers.TC_JW_18_Test" time="11.848" errors="0" timestamp="2022-03-02T19:04:10 IST" skipped="0">
  <testcase classname="computers.TC_JW_18_Test" name="sample" time="11.848"/>
  <system-out>
home page is displayed tha product has been added to shopping cart successfully  </system-out>
</testsuite> <!-- computers.TC_JW_18_Test -->
