<?xml version="1.0" encoding="UTF-8"?>
<!-- Generated by org.testng.reporters.JUnitReportReporter -->
<testsuite hostname="DESKTOP-U2802FU" failures="0" tests="1" name="computers.TC_JW_18_Test" time="18.171" errors="0" timestamp="2022-02-28T19:49:12 IST" skipped="0">
  <testcase classname="computers.TC_JW_18_Test" name="sample" time="18.171"/>
  <system-out/>
</testsuite> <!-- computers.TC_JW_18_Test -->
